<?xml version="1.0" encoding="UTF-8"?>
<!-- Generated by org.testng.reporters.JUnitReportReporter -->
<testsuite hostname="DESKTOP-IUQH5KL" failures="0" tests="1" name="com.jpetstore.runners.LoginTestRunner" time="18.715" errors="0" timestamp="2025-03-15T12:55:09 IST" skipped="0">
  <testcase classname="com.jpetstore.runners.LoginTestRunner" name="runScenario" time="18.715"/>
</testsuite> <!-- com.jpetstore.runners.LoginTestRunner -->
