<?xml version="1.0" encoding="UTF-8"?>
<!-- Generated by org.testng.reporters.JUnitReportReporter -->
<testsuite hostname="DESKTOP-IUQH5KL" failures="0" tests="2" name="com.jpetstore.runners.ProductTestRunner" time="49.777" errors="0" timestamp="2025-03-17T11:30:48 IST" skipped="0">
  <testcase classname="com.jpetstore.runners.ProductTestRunner" name="runScenario" time="27.990"/>
  <testcase classname="com.jpetstore.runners.ProductTestRunner" name="runScenario" time="21.787"/>
</testsuite> <!-- com.jpetstore.runners.ProductTestRunner -->
