<?xml version="1.0" encoding="UTF-8"?>
<!-- Generated by org.testng.reporters.JUnitReportReporter -->
<testsuite hostname="DESKTOP-IUQH5KL" failures="0" tests="11" name="com.jpetstore.runners.TestNGRunner" time="236.540" errors="0" timestamp="2025-03-18T10:22:07 IST" skipped="0">
  <testcase classname="com.jpetstore.runners.TestNGRunner" name="runScenario" time="18.699"/>
  <testcase classname="com.jpetstore.runners.TestNGRunner" name="runScenario" time="18.961"/>
  <testcase classname="com.jpetstore.runners.TestNGRunner" name="runScenario" time="25.892"/>
  <testcase classname="com.jpetstore.runners.TestNGRunner" name="runScenario" time="22.401"/>
  <testcase classname="com.jpetstore.runners.TestNGRunner" name="runScenario" time="17.837"/>
  <testcase classname="com.jpetstore.runners.TestNGRunner" name="runScenario" time="24.628"/>
  <testcase classname="com.jpetstore.runners.TestNGRunner" name="runScenario" time="21.239"/>
  <testcase classname="com.jpetstore.runners.TestNGRunner" name="runScenario" time="23.084"/>
  <testcase classname="com.jpetstore.runners.TestNGRunner" name="runScenario" time="22.943"/>
  <testcase classname="com.jpetstore.runners.TestNGRunner" name="runScenario" time="21.941"/>
  <testcase classname="com.jpetstore.runners.TestNGRunner" name="runScenario" time="18.915"/>
</testsuite> <!-- com.jpetstore.runners.TestNGRunner -->
