<?xml version="1.0" encoding="UTF-8"?>
<!-- Generated by org.testng.reporters.JUnitReportReporter -->
<testsuite hostname="DESKTOP-IUQH5KL" failures="0" tests="1" name="com.jpetstore.runners.HomePageTestRunner" time="13.357" errors="0" timestamp="2025-03-17T12:56:45 IST" skipped="0">
  <testcase classname="com.jpetstore.runners.HomePageTestRunner" name="runScenario" time="13.357"/>
</testsuite> <!-- com.jpetstore.runners.HomePageTestRunner -->
