<?xml version="1.0" encoding="UTF-8"?>
<!-- Generated by org.testng.reporters.JUnitReportReporter -->
<testsuite hostname="DESKTOP-IUQH5KL" failures="0" tests="2" name="com.jpetstore.runners.ShoppingCartTestRunner" time="38.737" errors="0" timestamp="2025-03-17T12:52:08 IST" skipped="0">
  <testcase classname="com.jpetstore.runners.ShoppingCartTestRunner" name="runScenario" time="17.719"/>
  <testcase classname="com.jpetstore.runners.ShoppingCartTestRunner" name="runScenario" time="21.018"/>
</testsuite> <!-- com.jpetstore.runners.ShoppingCartTestRunner -->
