<?xml version="1.0" encoding="UTF-8"?>
<!-- Generated by org.testng.reporters.JUnitReportReporter -->
<testsuite hostname="DESKTOP-IUQH5KL" failures="0" tests="1" name="com.jpetstore.runners.SearchTestRunner" time="24.489" errors="0" timestamp="2025-03-17T10:43:17 IST" skipped="0">
  <testcase classname="com.jpetstore.runners.SearchTestRunner" name="runScenario" time="24.489"/>
</testsuite> <!-- com.jpetstore.runners.SearchTestRunner -->
