<?xml version="1.0" encoding="UTF-8"?>
<!-- Generated by org.testng.reporters.JUnitReportReporter -->
<testsuite hostname="DESKTOP-IUQH5KL" failures="0" tests="1" name="com.jpetstore.runners.RegistrationTestRunner" time="27.465" errors="0" timestamp="2025-03-14T12:44:23 IST" skipped="0">
  <testcase classname="com.jpetstore.runners.RegistrationTestRunner" name="runScenario" time="27.465"/>
</testsuite> <!-- com.jpetstore.runners.RegistrationTestRunner -->
