<?xml version="1.0" encoding="UTF-8"?>
<!-- Generated by org.testng.reporters.JUnitReportReporter -->
<testsuite hostname="DESKTOP-IUQH5KL" failures="0" tests="11" name="com.jpetstore.runners.TestNGRunner" time="192.848" errors="0" timestamp="2025-03-19T12:56:00 IST" skipped="0">
  <testcase classname="com.jpetstore.runners.TestNGRunner" name="runScenario" time="20.087"/>
  <testcase classname="com.jpetstore.runners.TestNGRunner" name="runScenario" time="17.246"/>
  <testcase classname="com.jpetstore.runners.TestNGRunner" name="runScenario" time="18.373"/>
  <testcase classname="com.jpetstore.runners.TestNGRunner" name="runScenario" time="18.731"/>
  <testcase classname="com.jpetstore.runners.TestNGRunner" name="runScenario" time="16.995"/>
  <testcase classname="com.jpetstore.runners.TestNGRunner" name="runScenario" time="16.666"/>
  <testcase classname="com.jpetstore.runners.TestNGRunner" name="runScenario" time="18.218"/>
  <testcase classname="com.jpetstore.runners.TestNGRunner" name="runScenario" time="14.929"/>
  <testcase classname="com.jpetstore.runners.TestNGRunner" name="runScenario" time="17.336"/>
  <testcase classname="com.jpetstore.runners.TestNGRunner" name="runScenario" time="19.171"/>
  <testcase classname="com.jpetstore.runners.TestNGRunner" name="runScenario" time="15.096"/>
</testsuite> <!-- com.jpetstore.runners.TestNGRunner -->
